<?xml version="1.0" encoding="UTF-8"?>
<!-- Generated by org.testng.reporters.JUnitReportReporter -->
<testsuite hostname="DESKTOP-FSL8CGI" name="com.selenium.mindmatrix.project.CriticalFunctionalityCheck.TC14MdfModule" tests="1" failures="0" timestamp="15 Jun 2020 07:54:05 GMT" time="426.656" errors="0">
  <testcase name="TestTC2" time="426.656" classname="com.selenium.mindmatrix.project.CriticalFunctionalityCheck.TC14MdfModule"/>
</testsuite> <!-- com.selenium.mindmatrix.project.CriticalFunctionalityCheck.TC14MdfModule -->
