<?xml version="1.0" encoding="UTF-8"?>
<!-- Generated by org.testng.reporters.JUnitReportReporter -->
<testsuite hostname="DESKTOP-FSL8CGI" name="com.selenium.mindmatrix.project.CriticalFunctionalityCheck.TC3Testfordefaultdashboardbanner" tests="1" failures="0" timestamp="3 Jun 2020 06:41:02 GMT" time="144.299" errors="0">
  <testcase name="TestTC3" time="144.299" classname="com.selenium.mindmatrix.project.CriticalFunctionalityCheck.TC3Testfordefaultdashboardbanner"/>
</testsuite> <!-- com.selenium.mindmatrix.project.CriticalFunctionalityCheck.TC3Testfordefaultdashboardbanner -->
