<?xml version="1.0" encoding="UTF-8"?>
<!-- Generated by org.testng.reporters.JUnitReportReporter -->
<testsuite hostname="DESKTOP-FSL8CGI" name="com.selenium.mindmatrix.project.CriticalFunctionalityCheck.TC2TestwithvaliduserIDandvalidpassword" tests="1" failures="0" timestamp="3 Jun 2020 06:41:03 GMT" time="109.415" errors="0">
  <testcase name="TestTC2" time="109.415" classname="com.selenium.mindmatrix.project.CriticalFunctionalityCheck.TC2TestwithvaliduserIDandvalidpassword"/>
</testsuite> <!-- com.selenium.mindmatrix.project.CriticalFunctionalityCheck.TC2TestwithvaliduserIDandvalidpassword -->
