<?xml version="1.0" encoding="UTF-8"?>
<!-- Generated by org.testng.reporters.JUnitReportReporter -->
<testsuite hostname="DESKTOP-FSL8CGI" name="com.selenium.mindmatrix.project.CriticalFunctionalityCheck.TC4Testfortemplatedashboardbanner" tests="1" failures="1" timestamp="3 Jun 2020 06:41:03 GMT" time="141.989" errors="0">
  <testcase name="TestTC4" time="141.989" classname="com.selenium.mindmatrix.project.CriticalFunctionalityCheck.TC4Testfortemplatedashboardbanner">
    <failure type="java.lang.AssertionError" message="Dashboard banner is not appearing.">
      <![CDATA[java.lang.AssertionError: Dashboard banner is not appearing.
	at org.testng.Assert.fail(Assert.java:94)
	at com.selenium.mindmatrix.project.base.BaseTest.reportFail(BaseTest.java:394)
	at com.selenium.mindmatrix.project.CriticalFunctionalityCheck.TC4Testfortemplatedashboardbanner.master(TC4Testfortemplatedashboardbanner.java:552)
	at com.selenium.mindmatrix.project.CriticalFunctionalityCheck.TC4Testfortemplatedashboardbanner.TestTC4(TC4Testfortemplatedashboardbanner.java:47)
	at sun.reflect.NativeMethodAccessorImpl.invoke0(Native Method)
	at sun.reflect.NativeMethodAccessorImpl.invoke(Unknown Source)
	at sun.reflect.DelegatingMethodAccessorImpl.invoke(Unknown Source)
	at java.lang.reflect.Method.invoke(Unknown Source)
	at org.testng.internal.MethodInvocationHelper.invokeMethod(MethodInvocationHelper.java:85)
	at org.testng.internal.Invoker.invokeMethod(Invoker.java:639)
	at org.testng.internal.Invoker.invokeTestMethod(Invoker.java:821)
	at org.testng.internal.Invoker.invokeTestMethods(Invoker.java:1131)
	at org.testng.internal.TestMethodWorker.invokeTestMethods(TestMethodWorker.java:124)
	at org.testng.internal.TestMethodWorker.run(TestMethodWorker.java:108)
	at java.util.concurrent.ThreadPoolExecutor.runWorker(Unknown Source)
	at java.util.concurrent.ThreadPoolExecutor$Worker.run(Unknown Source)
	at java.lang.Thread.run(Unknown Source)
]]>
    </failure>
  </testcase> <!-- TestTC4 -->
</testsuite> <!-- com.selenium.mindmatrix.project.CriticalFunctionalityCheck.TC4Testfortemplatedashboardbanner -->
