<?xml version="1.0" encoding="UTF-8"?>
<!-- Generated by org.testng.reporters.JUnitReportReporter -->
<testsuite hostname="DESKTOP-FSL8CGI" name="com.selenium.mindmatrix.project.CriticalFunctionalityCheck.TC1TestwithinvaliduserIDandinvalidpassword" tests="1" failures="0" timestamp="3 Jun 2020 06:41:03 GMT" time="36.714" errors="0">
  <testcase name="TestTC1" time="36.714" classname="com.selenium.mindmatrix.project.CriticalFunctionalityCheck.TC1TestwithinvaliduserIDandinvalidpassword"/>
</testsuite> <!-- com.selenium.mindmatrix.project.CriticalFunctionalityCheck.TC1TestwithinvaliduserIDandinvalidpassword -->
